#
# A fatal error has been detected by the Java Runtime Environment:
#
#  SIGSEGV (0xb) at pc=0x0000000101e32c30, pid=63323, tid=16899
#
# JRE version: Java(TM) SE Runtime Environment (8.0_51-b16) (build 1.8.0_51-b16)
# Java VM: Java HotSpot(TM) 64-Bit Server VM (25.51-b03 mixed mode bsd-amd64 compressed oops)
# Problematic frame:
# V  [libjvm.dylib+0x432c30]
#
# Failed to write core dump. Core dumps have been disabled. To enable core dumping, try "ulimit -c unlimited" before starting Java again
#
# If you would like to submit a bug report, please visit:
#   http://bugreport.java.com/bugreport/crash.jsp
#

---------------  T H R E A D  ---------------

Current thread (0x00007f94da851000):  JavaThread "JDWP Transport Listener: dt_socket" daemon [_thread_in_vm, id=16899, stack(0x0000700000ab8000,0x0000700000bb8000)]

siginfo: si_signo: 11 (SIGSEGV), si_code: 0 (unknown), si_addr: 0x0000000000000000

Registers:
RAX=0x0000000000000001, RBX=0x0000700000bb7a8b, RCX=0x00000001021fa190, RDX=0x0000700000bb7a8b
RSP=0x0000700000bb79d0, RBP=0x0000700000bb79e0, RSI=0x00007f94da851000, RDI=0xaa00000000000000
R8 =0x0000000000000000, R9 =0x00007f94d9d567a0, R10=0x000000002e274e40, R11=0x00007f94d9d00000
R12=0x00007f94da851000, R13=0xaa00000000000000, R14=0xaa00000000000000, R15=0x00007f94d9c02b90
RIP=0x0000000101e32c30, EFLAGS=0x0000000000010286, ERR=0x0000000000000000
  TRAPNO=0x000000000000000d

Top of Stack: (sp=0x0000700000bb79d0)
0x0000700000bb79d0:   0000700000bb7a8b 0000700000bb7a8b
0x0000700000bb79e0:   0000700000bb7a40 0000000101d42f8e
0x0000700000bb79f0:   00007f94da851000 0000000000000000
0x0000700000bb7a00:   0000000000000000 0000000000000000
0x0000700000bb7a10:   00007f94da851000 00007f94da851000
0x0000700000bb7a20:   0000700000bb7a8b 0000700000bb7a90
0x0000700000bb7a30:   aa00000000000000 0000000000000007
0x0000700000bb7a40:   0000700000bb7a60 000000010106d780
0x0000700000bb7a50:   0000000000000001 0000700000bb7b08
0x0000700000bb7a60:   0000700000bb7ad0 00000001010521f3
0x0000700000bb7a70:   0000700000bb7aa0 00007f94d9d5a340
0x0000700000bb7a80:   0000000800000032 f000100a01bb7b08
0x0000700000bb7a90:   0000000000000000 0000000000000000
0x0000700000bb7aa0:   0000000000000000 0000700000bb7c90
0x0000700000bb7ab0:   0000000101074e7a 00007f94d9f2d080
0x0000700000bb7ac0:   0000700000bb7b08 0000000101080598
0x0000700000bb7ad0:   0000700000bb7ae0 00000001010522ec
0x0000700000bb7ae0:   0000700000bb7d00 000000010105b898
0x0000700000bb7af0:   000005af00000013 00000000000f0200
0x0000700000bb7b00:   00007f94d9f0e0b0 00007f94dc800040
0x0000700000bb7b10:   00007f9400000470 00007f94d9d39020
0x0000700000bb7b20:   000000000000012c 0000700000bb7b58
0x0000700000bb7b30:   00007f94d9d56a80 0000000000000000
0x0000700000bb7b40:   000005af000000d5 00007fff0000ec80
0x0000700000bb7b50:   0000700000bb7b58 947f000008000000
0x0000700000bb7b60:   060000006083e3d9 00003e74696e693c
0x0000700000bb7b70:   0000005629280300 7f00000100000000
0x0000700000bb7b80:   0000006883e3d994 0000006e69616d04
0x0000700000bb7b90:   6176616a4c5b2816 74532f676e616c2f
0x0000700000bb7ba0:   0056293b676e6972 0009000000000000
0x0000700000bb7bb0:   009083e3d9947f00 6b63656863120000
0x0000700000bb7bc0:   746e756f43646e41 000000736b6e694c 

Instructions: (pc=0x0000000101e32c30)
0x0000000101e32c10:   40 48 48 85 c0 75 e0 30 c0 0f b6 c0 5d c3 31 c0
0x0000000101e32c20:   5d c3 55 48 89 e5 53 48 83 ec 08 48 85 ff 74 24
0x0000000101e32c30:   48 8b 1f 48 85 db 74 1c 48 83 fb 37 74 16 48 8b
0x0000000101e32c40:   03 48 89 df ff 50 10 84 c0 b8 00 00 00 00 48 0f 

Register to memory mapping:

RAX=0x0000000000000001 is an unknown value
RBX=0x0000700000bb7a8b is pointing into the stack for thread: 0x00007f94da851000
RCX=0x00000001021fa190: UseMembar+0 in /Library/Java/JavaVirtualMachines/jdk1.8.0_51.jdk/Contents/Home/jre/lib/server/libjvm.dylib at 0x0000000101a00000
RDX=0x0000700000bb7a8b is pointing into the stack for thread: 0x00007f94da851000
RSP=0x0000700000bb79d0 is pointing into the stack for thread: 0x00007f94da851000
RBP=0x0000700000bb79e0 is pointing into the stack for thread: 0x00007f94da851000
RSI=0x00007f94da851000 is a thread
RDI=0xaa00000000000000 is an unknown value
R8 =0x0000000000000000 is an unknown value
R9 =0x00007f94d9d567a0 is an unknown value
R10=0x000000002e274e40 is an unknown value
R11=0x00007f94d9d00000 is an unknown value
R12=0x00007f94da851000 is a thread
R13=0xaa00000000000000 is an unknown value
R14=0xaa00000000000000 is an unknown value
R15=0x00007f94d9c02b90 is an unknown value


Stack: [0x0000700000ab8000,0x0000700000bb8000],  sp=0x0000700000bb79d0,  free space=1022k
Native frames: (J=compiled Java code, j=interpreted, Vv=VM code, C=native code)
V  [libjvm.dylib+0x432c30]
V  [libjvm.dylib+0x342f8e]
C  [libjdwp.dylib+0x20780]  isMethodSynthetic+0x63
C  [libjdwp.dylib+0x51f3]  methods1+0x10b
C  [libjdwp.dylib+0x52ec]  methodsWithGeneric+0xe
C  [libjdwp.dylib+0xe898]  debugLoop_run+0x1ce
C  [libjdwp.dylib+0x1f6ba]  attachThread+0x4d
V  [libjvm.dylib+0x383f3c]
V  [libjvm.dylib+0x549a6f]
V  [libjvm.dylib+0x54b160]
V  [libjvm.dylib+0x46e99e]
C  [libsystem_pthread.dylib+0x399d]  _pthread_body+0x83
C  [libsystem_pthread.dylib+0x391a]  _pthread_body+0x0
C  [libsystem_pthread.dylib+0x1351]  thread_start+0xd
C  0x0000000000000000


---------------  P R O C E S S  ---------------

Java Threads: ( => current thread )
  0x00007f94da038800 JavaThread "Service Thread" daemon [_thread_blocked, id=19971, stack(0x00007000010ca000,0x00007000011ca000)]
  0x00007f94db02f000 JavaThread "C1 CompilerThread2" daemon [_thread_blocked, id=19459, stack(0x0000700000fc7000,0x00007000010c7000)]
  0x00007f94db02e800 JavaThread "C2 CompilerThread1" daemon [_thread_blocked, id=18947, stack(0x0000700000ec4000,0x0000700000fc4000)]
  0x00007f94da02f800 JavaThread "C2 CompilerThread0" daemon [_thread_blocked, id=18435, stack(0x0000700000dc1000,0x0000700000ec1000)]
  0x00007f94da84b800 JavaThread "JDWP Command Reader" daemon [_thread_in_native, id=17923, stack(0x0000700000cbe000,0x0000700000dbe000)]
  0x00007f94db02d800 JavaThread "JDWP Event Helper Thread" daemon [_thread_blocked, id=17411, stack(0x0000700000bbb000,0x0000700000cbb000)]
=>0x00007f94da851000 JavaThread "JDWP Transport Listener: dt_socket" daemon [_thread_in_vm, id=16899, stack(0x0000700000ab8000,0x0000700000bb8000)]
  0x00007f94db036800 JavaThread "Signal Dispatcher" daemon [_thread_blocked, id=13071, stack(0x00007000009b5000,0x0000700000ab5000)]
  0x00007f94db021000 JavaThread "Finalizer" daemon [_thread_blocked, id=12291, stack(0x000070000082f000,0x000070000092f000)]
  0x00007f94da821800 JavaThread "Reference Handler" daemon [_thread_blocked, id=11779, stack(0x000070000072c000,0x000070000082c000)]
  0x00007f94db803000 JavaThread "main" [_thread_blocked, id=5891, stack(0x000070000011a000,0x000070000021a000)]

Other Threads:
  0x00007f94db020800 VMThread [stack: 0x0000700000629000,0x0000700000729000] [id=11267]
  0x00007f94db030000 WatcherThread [stack: 0x00007000011cd000,0x00007000012cd000] [id=20483]

VM state:not at safepoint (normal execution)

VM Mutex/Monitor currently owned by a thread: None

Heap:
 PSYoungGen      total 583680K, used 143351K [0x0000000795580000, 0x00000007c0000000, 0x00000007c0000000)
  eden space 514560K, 17% used [0x0000000795580000,0x000000079adb1b18,0x00000007b4c00000)
  from space 69120K, 76% used [0x00000007b4c00000,0x00000007b7fcc428,0x00000007b8f80000)
  to   space 74752K, 0% used [0x00000007bb700000,0x00000007bb700000,0x00000007c0000000)
 ParOldGen       total 300544K, used 191902K [0x0000000740000000, 0x0000000752580000, 0x0000000795580000)
  object space 300544K, 63% used [0x0000000740000000,0x000000074bb67bd8,0x0000000752580000)
 Metaspace       used 4623K, capacity 4902K, committed 4992K, reserved 1056768K
  class space    used 513K, capacity 571K, committed 640K, reserved 1048576K

Card table byte_map: [0x0000000111d29000,0x000000011212a000] byte_map_base: 0x000000010e329000

Marking Bits: (ParMarkBitMap*) 0x00000001022c27a0
 Begin Bits: [0x00000001123d5000, 0x00000001143d5000)
 End Bits:   [0x00000001143d5000, 0x00000001163d5000)

Polling page: 0x000000010104c000

CodeCache: size=245760Kb used=2897Kb max_used=2913Kb free=242862Kb
 bounds [0x0000000102969000, 0x0000000102c49000, 0x0000000111969000]
 total_blobs=873 nmethods=596 adapters=199
 compilation: enabled

Compilation events (10 events):
Event: 101.853 Thread 0x00007f94db02f000  593 %     3       java.util.AbstractCollection::toString @ 32 (89 bytes)
Event: 101.857 Thread 0x00007f94db02f000 nmethod 593% 0x0000000102c29110 code [0x0000000102c29400, 0x0000000102c2ad88]
Event: 101.857 Thread 0x00007f94db02f000  594       3       java.util.AbstractCollection::toString (89 bytes)
Event: 101.859 Thread 0x00007f94db02f000 nmethod 594 0x0000000102c30790 code [0x0000000102c30a80, 0x0000000102c322c8]
Event: 101.863 Thread 0x00007f94db02e800  595 %     4       java.util.AbstractCollection::toString @ 32 (89 bytes)
Event: 101.912 Thread 0x00007f94db02e800 nmethod 595% 0x0000000102c3efd0 code [0x0000000102c3f1c0, 0x0000000102c403d8]
Event: 107.642 Thread 0x00007f94da02f800  596 %     4       java.util.AbstractCollection::toString @ 32 (89 bytes)
Event: 107.743 Thread 0x00007f94da02f800 nmethod 596% 0x0000000102c41350 code [0x0000000102c41580, 0x0000000102c42b68]
Event: 107.743 Thread 0x00007f94db02e800  597       4       java.util.AbstractCollection::toString (89 bytes)
Event: 108.285 Thread 0x00007f94db02e800 nmethod 597 0x0000000102c43e10 code [0x0000000102c44060, 0x0000000102c45588]

GC Heap History (10 events):
Event: 79.181 GC heap before
{Heap before GC invocations=7 (full 0):
 PSYoungGen      total 290304K, used 286864K [0x0000000795580000, 0x00000007a9880000, 0x00000007c0000000)
  eden space 262144K, 100% used [0x0000000795580000,0x00000007a5580000,0x00000007a5580000)
  from space 28160K, 87% used [0x00000007a7500000,0x00000007a8d24040,0x00000007a9080000)
  to   space 32256K, 0% used [0x00000007a5580000,0x00000007a5580000,0x00000007a7500000)
 ParOldGen       total 87552K, used 46040K [0x0000000740000000, 0x0000000745580000, 0x0000000795580000)
  object space 87552K, 52% used [0x0000000740000000,0x0000000742cf60b0,0x0000000745580000)
 Metaspace       used 4573K, capacity 4838K, committed 4992K, reserved 1056768K
  class space    used 512K, capacity 571K, committed 640K, reserved 1048576K
Event: 79.329 GC heap after
Heap after GC invocations=7 (full 0):
 PSYoungGen      total 294400K, used 32224K [0x0000000795580000, 0x00000007bc980000, 0x00000007c0000000)
  eden space 262144K, 0% used [0x0000000795580000,0x0000000795580000,0x00000007a5580000)
  from space 32256K, 99% used [0x00000007a5580000,0x00000007a74f8010,0x00000007a7500000)
  to   space 59392K, 0% used [0x00000007b8f80000,0x00000007b8f80000,0x00000007bc980000)
 ParOldGen       total 90112K, used 89128K [0x0000000740000000, 0x0000000745800000, 0x0000000795580000)
  object space 90112K, 98% used [0x0000000740000000,0x000000074570a100,0x0000000745800000)
 Metaspace       used 4573K, capacity 4838K, committed 4992K, reserved 1056768K
  class space    used 512K, capacity 571K, committed 640K, reserved 1048576K
}
Event: 79.330 GC heap before
{Heap before GC invocations=8 (full 1):
 PSYoungGen      total 294400K, used 32224K [0x0000000795580000, 0x00000007bc980000, 0x00000007c0000000)
  eden space 262144K, 0% used [0x0000000795580000,0x0000000795580000,0x00000007a5580000)
  from space 32256K, 99% used [0x00000007a5580000,0x00000007a74f8010,0x00000007a7500000)
  to   space 59392K, 0% used [0x00000007b8f80000,0x00000007b8f80000,0x00000007bc980000)
 ParOldGen       total 90112K, used 89128K [0x0000000740000000, 0x0000000745800000, 0x0000000795580000)
  object space 90112K, 98% used [0x0000000740000000,0x000000074570a100,0x0000000745800000)
 Metaspace       used 4573K, capacity 4838K, committed 4992K, reserved 1056768K
  class space    used 512K, capacity 571K, committed 640K, reserved 1048576K
Event: 79.685 GC heap after
Heap after GC invocations=8 (full 1):
 PSYoungGen      total 294400K, used 29644K [0x0000000795580000, 0x00000007bc980000, 0x00000007c0000000)
  eden space 262144K, 0% used [0x0000000795580000,0x0000000795580000,0x00000007a5580000)
  from space 32256K, 91% used [0x00000007a5580000,0x00000007a72732e0,0x00000007a7500000)
  to   space 59392K, 0% used [0x00000007b8f80000,0x00000007b8f80000,0x00000007bc980000)
 ParOldGen       total 163840K, used 89940K [0x0000000740000000, 0x000000074a000000, 0x0000000795580000)
  object space 163840K, 54% used [0x0000000740000000,0x00000007457d5368,0x000000074a000000)
 Metaspace       used 4573K, capacity 4838K, committed 4992K, reserved 1056768K
  class space    used 512K, capacity 571K, committed 640K, reserved 1048576K
}
Event: 80.977 GC heap before
{Heap before GC invocations=9 (full 1):
 PSYoungGen      total 294400K, used 289795K [0x0000000795580000, 0x00000007bc980000, 0x00000007c0000000)
  eden space 262144K, 99% used [0x0000000795580000,0x00000007a538dcb0,0x00000007a5580000)
  from space 32256K, 91% used [0x00000007a5580000,0x00000007a72732e0,0x00000007a7500000)
  to   space 59392K, 0% used [0x00000007b8f80000,0x00000007b8f80000,0x00000007bc980000)
 ParOldGen       total 163840K, used 89940K [0x0000000740000000, 0x000000074a000000, 0x0000000795580000)
  object space 163840K, 54% used [0x0000000740000000,0x00000007457d5368,0x000000074a000000)
 Metaspace       used 4573K, capacity 4838K, committed 4992K, reserved 1056768K
  class space    used 512K, capacity 571K, committed 640K, reserved 1048576K
Event: 81.046 GC heap after
Heap after GC invocations=9 (full 1):
 PSYoungGen      total 573952K, used 55312K [0x0000000795580000, 0x00000007bd300000, 0x00000007c0000000)
  eden space 514560K, 0% used [0x0000000795580000,0x0000000795580000,0x00000007b4c00000)
  from space 59392K, 93% used [0x00000007b8f80000,0x00000007bc5842a0,0x00000007bc980000)
  to   space 69120K, 0% used [0x00000007b4c00000,0x00000007b4c00000,0x00000007b8f80000)
 ParOldGen       total 163840K, used 90900K [0x0000000740000000, 0x000000074a000000, 0x0000000795580000)
  object space 163840K, 55% used [0x0000000740000000,0x00000007458c5368,0x000000074a000000)
 Metaspace       used 4573K, capacity 4838K, committed 4992K, reserved 1056768K
  class space    used 512K, capacity 571K, committed 640K, reserved 1048576K
}
Event: 107.753 GC heap before
{Heap before GC invocations=10 (full 1):
 PSYoungGen      total 573952K, used 537183K [0x0000000795580000, 0x00000007bd300000, 0x00000007c0000000)
  eden space 514560K, 93% used [0x0000000795580000,0x00000007b2c13ac8,0x00000007b4c00000)
  from space 59392K, 93% used [0x00000007b8f80000,0x00000007bc5842a0,0x00000007bc980000)
  to   space 69120K, 0% used [0x00000007b4c00000,0x00000007b4c00000,0x00000007b8f80000)
 ParOldGen       total 163840K, used 90900K [0x0000000740000000, 0x000000074a000000, 0x0000000795580000)
  object space 163840K, 55% used [0x0000000740000000,0x00000007458c5368,0x000000074a000000)
 Metaspace       used 4574K, capacity 4838K, committed 4992K, reserved 1056768K
  class space    used 512K, capacity 571K, committed 640K, reserved 1048576K
Event: 108.008 GC heap after
Heap after GC invocations=10 (full 1):
 PSYoungGen      total 583680K, used 53101K [0x0000000795580000, 0x00000007c0000000, 0x00000007c0000000)
  eden space 514560K, 0% used [0x0000000795580000,0x0000000795580000,0x00000007b4c00000)
  from space 69120K, 76% used [0x00000007b4c00000,0x00000007b7fdb560,0x00000007b8f80000)
  to   space 74752K, 0% used [0x00000007bb700000,0x00000007bb700000,0x00000007c0000000)
 ParOldGen       total 211456K, used 191982K [0x0000000740000000, 0x000000074ce80000, 0x0000000795580000)
  object space 211456K, 90% used [0x0000000740000000,0x000000074bb7b888,0x000000074ce80000)
 Metaspace       used 4574K, capacity 4838K, committed 4992K, reserved 1056768K
  class space    used 512K, capacity 571K, committed 640K, reserved 1048576K
}
Event: 108.008 GC heap before
{Heap before GC invocations=11 (full 2):
 PSYoungGen      total 583680K, used 53101K [0x0000000795580000, 0x00000007c0000000, 0x00000007c0000000)
  eden space 514560K, 0% used [0x0000000795580000,0x0000000795580000,0x00000007b4c00000)
  from space 69120K, 76% used [0x00000007b4c00000,0x00000007b7fdb560,0x00000007b8f80000)
  to   space 74752K, 0% used [0x00000007bb700000,0x00000007bb700000,0x00000007c0000000)
 ParOldGen       total 211456K, used 191982K [0x0000000740000000, 0x000000074ce80000, 0x0000000795580000)
  object space 211456K, 90% used [0x0000000740000000,0x000000074bb7b888,0x000000074ce80000)
 Metaspace       used 4574K, capacity 4838K, committed 4992K, reserved 1056768K
  class space    used 512K, capacity 571K, committed 640K, reserved 1048576K
Event: 108.255 GC heap after
Heap after GC invocations=11 (full 2):
 PSYoungGen      total 583680K, used 53041K [0x0000000795580000, 0x00000007c0000000, 0x00000007c0000000)
  eden space 514560K, 0% used [0x0000000795580000,0x0000000795580000,0x00000007b4c00000)
  from space 69120K, 76% used [0x00000007b4c00000,0x00000007b7fcc428,0x00000007b8f80000)
  to   space 74752K, 0% used [0x00000007bb700000,0x00000007bb700000,0x00000007c0000000)
 ParOldGen       total 300544K, used 191902K [0x0000000740000000, 0x0000000752580000, 0x0000000795580000)
  object space 300544K, 63% used [0x0000000740000000,0x000000074bb67bd8,0x0000000752580000)
 Metaspace       used 4574K, capacity 4838K, committed 4992K, reserved 1056768K
  class space    used 512K, capacity 571K, committed 640K, reserved 1048576K
}

Deoptimization events (10 events):
Event: 1.453 Thread 0x00007f94db803000 Uncommon trap: reason=unstable_if action=reinterpret pc=0x0000000102b9bed0 method=sun.nio.cs.UTF_8$Decoder.decodeArrayLoop(Ljava/nio/ByteBuffer;Ljava/nio/CharBuffer;)Ljava/nio/charset/CoderResult; @ 287
Event: 1.454 Thread 0x00007f94db803000 Uncommon trap: reason=unstable_if action=reinterpret pc=0x0000000102b87ca0 method=sun.nio.cs.UTF_8$Decoder.decodeArrayLoop(Ljava/nio/ByteBuffer;Ljava/nio/CharBuffer;)Ljava/nio/charset/CoderResult; @ 191
Event: 1.661 Thread 0x00007f94db803000 Uncommon trap: reason=unstable_if action=reinterpret pc=0x0000000102b62080 method=java.util.HashMap.putVal(ILjava/lang/Object;Ljava/lang/Object;ZZ)Ljava/lang/Object; @ 162
Event: 1.748 Thread 0x00007f94db803000 Uncommon trap: reason=unstable_if action=reinterpret pc=0x0000000102bf7a64 method=sun.nio.cs.UTF_8$Decoder.isMalformed3(III)Z @ 3
Event: 1.757 Thread 0x00007f94db803000 Uncommon trap: reason=predicate action=maybe_recompile pc=0x0000000102be42f4 method=java.util.Iterator.forEachRemaining(Ljava/util/function/Consumer;)V @ 14
Event: 1.757 Thread 0x00007f94db803000 Uncommon trap: reason=unstable_if action=reinterpret pc=0x0000000102ba4024 method=java.util.regex.Pattern.split(Ljava/lang/CharSequence;I)[Ljava/lang/String; @ 167
Event: 79.810 Thread 0x00007f94db803000 Uncommon trap: reason=unstable_if action=reinterpret pc=0x0000000102c2d3b0 method=java.util.HashMap$HashIterator.nextNode()Ljava/util/HashMap$Node; @ 74
Event: 79.810 Thread 0x00007f94db803000 Uncommon trap: reason=unstable_if action=reinterpret pc=0x0000000102c178f8 method=java.util.HashMap$HashIterator.hasNext()Z @ 4
Event: 101.988 Thread 0x00007f94db803000 Uncommon trap: reason=unstable_if action=reinterpret pc=0x0000000102c3ff8c method=java.util.AbstractCollection.toString()Ljava/lang/String; @ 61
Event: 132.555 Thread 0x00007f94db803000 Uncommon trap: reason=class_check action=maybe_recompile pc=0x0000000102c45164 method=java.util.AbstractCollection.toString()Ljava/lang/String; @ 1

Internal exceptions (4 events):
Event: 0.158 Thread 0x00007f94db803000 Exception <a 'java/lang/NoSuchMethodError': Method sun.misc.Unsafe.defineClass(Ljava/lang/String;[BII)Ljava/lang/Class; name or signature does not match> (0x0000000795592db0) thrown at [/Users/java_re/workspace/8-2-build-macosx-x86_64/jdk8u51/3951/hotspot
Event: 0.158 Thread 0x00007f94db803000 Exception <a 'java/lang/NoSuchMethodError': Method sun.misc.Unsafe.prefetchRead(Ljava/lang/Object;J)V name or signature does not match> (0x0000000795593040) thrown at [/Users/java_re/workspace/8-2-build-macosx-x86_64/jdk8u51/3951/hotspot/src/share/vm/prim
Event: 0.486 Thread 0x00007f94db803000 Exception <a 'java/lang/NoSuchFieldError': method resolution failed> (0x00000007959363e8) thrown at [/Users/java_re/workspace/8-2-build-macosx-x86_64/jdk8u51/3951/hotspot/src/share/vm/prims/methodHandles.cpp, line 1125]
Event: 0.499 Thread 0x00007f94db803000 Exception <a 'java/lang/NoSuchFieldError': method resolution failed> (0x0000000795944b38) thrown at [/Users/java_re/workspace/8-2-build-macosx-x86_64/jdk8u51/3951/hotspot/src/share/vm/prims/methodHandles.cpp, line 1125]

Events (10 events):
Event: 337.354 Executing VM operation: GetCurrentLocation
Event: 337.354 Executing VM operation: GetCurrentLocation done
Event: 337.354 Executing VM operation: EnterInterpOnlyMode
Event: 337.354 Executing VM operation: EnterInterpOnlyMode done
Event: 337.354 Executing VM operation: ChangeSingleStep
Event: 337.354 Executing VM operation: ChangeSingleStep done
Event: 337.354 Executing VM operation: ChangeSingleStep
Event: 337.354 Executing VM operation: ChangeSingleStep done
Event: 337.357 Executing VM operation: RedefineClasses
Event: 337.361 Executing VM operation: RedefineClasses done


Dynamic libraries:
0x00000000067fa000 	/System/Library/Frameworks/Cocoa.framework/Versions/A/Cocoa
0x00000000067fa000 	/System/Library/Frameworks/Security.framework/Versions/A/Security
0x00000000067fa000 	/System/Library/Frameworks/ApplicationServices.framework/Versions/A/ApplicationServices
0x00000000067fa000 	/usr/lib/libz.1.dylib
0x00000000067fa000 	/usr/lib/libSystem.B.dylib
0x00000000067fa000 	/usr/lib/libobjc.A.dylib
0x00000000067fa000 	/System/Library/Frameworks/CoreFoundation.framework/Versions/A/CoreFoundation
0x00000000067fa000 	/System/Library/Frameworks/Foundation.framework/Versions/C/Foundation
0x00000000067fa000 	/System/Library/Frameworks/AppKit.framework/Versions/C/AppKit
0x00000000067fa000 	/System/Library/Frameworks/CoreData.framework/Versions/A/CoreData
0x00000000067fa000 	/System/Library/PrivateFrameworks/RemoteViewServices.framework/Versions/A/RemoteViewServices
0x00000000067fa000 	/System/Library/PrivateFrameworks/UIFoundation.framework/Versions/A/UIFoundation
0x00000000067fa000 	/usr/lib/libScreenReader.dylib
0x00000000067fa000 	/System/Library/Frameworks/Accelerate.framework/Versions/A/Accelerate
0x00000000067fa000 	/System/Library/Frameworks/IOSurface.framework/Versions/A/IOSurface
0x00000000067fa000 	/System/Library/Frameworks/AudioToolbox.framework/Versions/A/AudioToolbox
0x00000000067fa000 	/System/Library/Frameworks/AudioUnit.framework/Versions/A/AudioUnit
0x00000000067fa000 	/System/Library/PrivateFrameworks/DataDetectorsCore.framework/Versions/A/DataDetectorsCore
0x00000000067fa000 	/System/Library/PrivateFrameworks/DesktopServicesPriv.framework/Versions/A/DesktopServicesPriv
0x00000000067fa000 	/System/Library/Frameworks/Carbon.framework/Versions/A/Frameworks/HIToolbox.framework/Versions/A/HIToolbox
0x00000000067fa000 	/System/Library/Frameworks/QuartzCore.framework/Versions/A/QuartzCore
0x00000000067fa000 	/System/Library/Frameworks/Carbon.framework/Versions/A/Frameworks/SpeechRecognition.framework/Versions/A/SpeechRecognition
0x00000000067fa000 	/usr/lib/libauto.dylib
0x00000000067fa000 	/usr/lib/libicucore.A.dylib
0x00000000067fa000 	/usr/lib/libxml2.2.dylib
0x00000000067fa000 	/System/Library/PrivateFrameworks/CoreUI.framework/Versions/A/CoreUI
0x00000000067fa000 	/System/Library/Frameworks/CoreAudio.framework/Versions/A/CoreAudio
0x00000000067fa000 	/System/Library/Frameworks/DiskArbitration.framework/Versions/A/DiskArbitration
0x00000000067fa000 	/usr/lib/liblangid.dylib
0x00000000067fa000 	/System/Library/PrivateFrameworks/MultitouchSupport.framework/Versions/A/MultitouchSupport
0x00000000067fa000 	/System/Library/Frameworks/IOKit.framework/Versions/A/IOKit
0x00000000067fa000 	/usr/lib/libDiagnosticMessagesClient.dylib
0x00000000067fa000 	/System/Library/Frameworks/CoreServices.framework/Versions/A/CoreServices
0x00000000067fa000 	/System/Library/PrivateFrameworks/PerformanceAnalysis.framework/Versions/A/PerformanceAnalysis
0x00000000067fa000 	/System/Library/PrivateFrameworks/GenerationalStorage.framework/Versions/A/GenerationalStorage
0x00000000067fa000 	/System/Library/Frameworks/OpenGL.framework/Versions/A/OpenGL
0x00000000067fa000 	/System/Library/PrivateFrameworks/Sharing.framework/Versions/A/Sharing
0x00000000067fa000 	/System/Library/Frameworks/CoreGraphics.framework/Versions/A/CoreGraphics
0x00000000067fa000 	/System/Library/Frameworks/CoreImage.framework/Versions/A/CoreImage
0x00000000067fa000 	/System/Library/Frameworks/CoreText.framework/Versions/A/CoreText
0x00000000067fa000 	/System/Library/Frameworks/ImageIO.framework/Versions/A/ImageIO
0x00000000067fa000 	/System/Library/PrivateFrameworks/Backup.framework/Versions/A/Backup
0x00000000067fa000 	/usr/lib/libextension.dylib
0x00000000067fa000 	/usr/lib/libarchive.2.dylib
0x00000000067fa000 	/System/Library/Frameworks/CFNetwork.framework/Versions/A/CFNetwork
0x00000000067fa000 	/System/Library/Frameworks/SystemConfiguration.framework/Versions/A/SystemConfiguration
0x00000000067fa000 	/usr/lib/libCRFSuite.dylib
0x00000000067fa000 	/usr/lib/libc++.1.dylib
0x00000000067fa000 	/usr/lib/libc++abi.dylib
0x00000000067fa000 	/usr/lib/system/libcache.dylib
0x00000000067fa000 	/usr/lib/system/libcommonCrypto.dylib
0x00000000067fa000 	/usr/lib/system/libcompiler_rt.dylib
0x00000000067fa000 	/usr/lib/system/libcopyfile.dylib
0x00000000067fa000 	/usr/lib/system/libcorecrypto.dylib
0x00000000067fa000 	/usr/lib/system/libdispatch.dylib
0x00000000067fa000 	/usr/lib/system/libdyld.dylib
0x00000000067fa000 	/usr/lib/system/libkeymgr.dylib
0x00000000067fa000 	/usr/lib/system/liblaunch.dylib
0x00000000067fa000 	/usr/lib/system/libmacho.dylib
0x00000000067fa000 	/usr/lib/system/libquarantine.dylib
0x00000000067fa000 	/usr/lib/system/libremovefile.dylib
0x00000000067fa000 	/usr/lib/system/libsystem_asl.dylib
0x00000000067fa000 	/usr/lib/system/libsystem_blocks.dylib
0x00000000067fa000 	/usr/lib/system/libsystem_c.dylib
0x00000000067fa000 	/usr/lib/system/libsystem_configuration.dylib
0x00000000067fa000 	/usr/lib/system/libsystem_coreservices.dylib
0x00000000067fa000 	/usr/lib/system/libsystem_coretls.dylib
0x00000000067fa000 	/usr/lib/system/libsystem_dnssd.dylib
0x00000000067fa000 	/usr/lib/system/libsystem_info.dylib
0x00000000067fa000 	/usr/lib/system/libsystem_kernel.dylib
0x00000000067fa000 	/usr/lib/system/libsystem_m.dylib
0x00000000067fa000 	/usr/lib/system/libsystem_malloc.dylib
0x00000000067fa000 	/usr/lib/system/libsystem_network.dylib
0x00000000067fa000 	/usr/lib/system/libsystem_networkextension.dylib
0x00000000067fa000 	/usr/lib/system/libsystem_notify.dylib
0x00000000067fa000 	/usr/lib/system/libsystem_platform.dylib
0x00000000067fa000 	/usr/lib/system/libsystem_pthread.dylib
0x00000000067fa000 	/usr/lib/system/libsystem_sandbox.dylib
0x00000000067fa000 	/usr/lib/system/libsystem_secinit.dylib
0x00000000067fa000 	/usr/lib/system/libsystem_trace.dylib
0x00000000067fa000 	/usr/lib/system/libunc.dylib
0x00000000067fa000 	/usr/lib/system/libunwind.dylib
0x00000000067fa000 	/usr/lib/system/libxpc.dylib
0x00000000067fa000 	/usr/lib/libenergytrace.dylib
0x00000000067fa000 	/usr/lib/libbsm.0.dylib
0x00000000067fa000 	/usr/lib/system/libkxld.dylib
0x00000000067fa000 	/usr/lib/libxar.1.dylib
0x00000000067fa000 	/usr/lib/libsqlite3.dylib
0x00000000067fa000 	/usr/lib/libpam.2.dylib
0x00000000067fa000 	/usr/lib/libOpenScriptingUtil.dylib
0x00000000067fa000 	/usr/lib/libbz2.1.0.dylib
0x00000000067fa000 	/usr/lib/liblzma.5.dylib
0x00000000067fa000 	/System/Library/Frameworks/CoreServices.framework/Versions/A/Frameworks/FSEvents.framework/Versions/A/FSEvents
0x00000000067fa000 	/System/Library/Frameworks/CoreServices.framework/Versions/A/Frameworks/CarbonCore.framework/Versions/A/CarbonCore
0x00000000067fa000 	/System/Library/Frameworks/CoreServices.framework/Versions/A/Frameworks/Metadata.framework/Versions/A/Metadata
0x00000000067fa000 	/System/Library/Frameworks/CoreServices.framework/Versions/A/Frameworks/OSServices.framework/Versions/A/OSServices
0x00000000067fa000 	/System/Library/Frameworks/CoreServices.framework/Versions/A/Frameworks/SearchKit.framework/Versions/A/SearchKit
0x00000000067fa000 	/System/Library/Frameworks/CoreServices.framework/Versions/A/Frameworks/AE.framework/Versions/A/AE
0x00000000067fa000 	/System/Library/Frameworks/CoreServices.framework/Versions/A/Frameworks/LaunchServices.framework/Versions/A/LaunchServices
0x00000000067fa000 	/System/Library/Frameworks/CoreServices.framework/Versions/A/Frameworks/DictionaryServices.framework/Versions/A/DictionaryServices
0x00000000067fa000 	/System/Library/Frameworks/CoreServices.framework/Versions/A/Frameworks/SharedFileList.framework/Versions/A/SharedFileList
0x00000000067fa000 	/System/Library/Frameworks/NetFS.framework/Versions/A/NetFS
0x00000000067fa000 	/System/Library/PrivateFrameworks/NetAuth.framework/Versions/A/NetAuth
0x00000000067fa000 	/System/Library/PrivateFrameworks/login.framework/Versions/A/Frameworks/loginsupport.framework/Versions/A/loginsupport
0x00000000067fa000 	/System/Library/PrivateFrameworks/TCC.framework/Versions/A/TCC
0x00000000067fa000 	/usr/lib/libmecabra.dylib
0x00000000067fa000 	/System/Library/Frameworks/ApplicationServices.framework/Versions/A/Frameworks/ATS.framework/Versions/A/ATS
0x00000000067fa000 	/System/Library/Frameworks/ApplicationServices.framework/Versions/A/Frameworks/ColorSync.framework/Versions/A/ColorSync
0x00000000067fa000 	/System/Library/Frameworks/ApplicationServices.framework/Versions/A/Frameworks/HIServices.framework/Versions/A/HIServices
0x00000000067fa000 	/System/Library/Frameworks/ApplicationServices.framework/Versions/A/Frameworks/LangAnalysis.framework/Versions/A/LangAnalysis
0x00000000067fa000 	/System/Library/Frameworks/ApplicationServices.framework/Versions/A/Frameworks/PrintCore.framework/Versions/A/PrintCore
0x00000000067fa000 	/System/Library/Frameworks/ApplicationServices.framework/Versions/A/Frameworks/QD.framework/Versions/A/QD
0x00000000067fa000 	/System/Library/Frameworks/ApplicationServices.framework/Versions/A/Frameworks/SpeechSynthesis.framework/Versions/A/SpeechSynthesis
0x00000000067fa000 	/System/Library/Frameworks/Metal.framework/Versions/A/Metal
0x00000000067fa000 	/System/Library/Frameworks/Accelerate.framework/Versions/A/Frameworks/vImage.framework/Versions/A/vImage
0x00000000067fa000 	/System/Library/Frameworks/Accelerate.framework/Versions/A/Frameworks/vecLib.framework/Versions/A/vecLib
0x00000000067fa000 	/System/Library/Frameworks/Accelerate.framework/Versions/A/Frameworks/vecLib.framework/Versions/A/libvDSP.dylib
0x00000000067fa000 	/System/Library/Frameworks/Accelerate.framework/Versions/A/Frameworks/vecLib.framework/Versions/A/libvMisc.dylib
0x00000000067fa000 	/System/Library/Frameworks/Accelerate.framework/Versions/A/Frameworks/vecLib.framework/Versions/A/libLAPACK.dylib
0x00000000067fa000 	/System/Library/Frameworks/Accelerate.framework/Versions/A/Frameworks/vecLib.framework/Versions/A/libBLAS.dylib
0x00000000067fa000 	/System/Library/Frameworks/Accelerate.framework/Versions/A/Frameworks/vecLib.framework/Versions/A/libLinearAlgebra.dylib
0x00000000067fa000 	/System/Library/Frameworks/Accelerate.framework/Versions/A/Frameworks/vecLib.framework/Versions/A/libSparseBLAS.dylib
0x00000000067fa000 	/System/Library/PrivateFrameworks/GPUCompiler.framework/libmetal_timestamp.dylib
0x00000000067fa000 	/System/Library/Frameworks/OpenGL.framework/Versions/A/Libraries/libCoreFSCache.dylib
0x00000000067fa000 	/System/Library/PrivateFrameworks/IOAccelerator.framework/Versions/A/IOAccelerator
0x00000000067fa000 	/System/Library/Frameworks/ApplicationServices.framework/Versions/A/Frameworks/ATS.framework/Versions/A/Resources/libFontParser.dylib
0x00000000067fa000 	/System/Library/Frameworks/ApplicationServices.framework/Versions/A/Frameworks/ATS.framework/Versions/A/Resources/libFontRegistry.dylib
0x00000000067fa000 	/System/Library/PrivateFrameworks/AppleVPA.framework/Versions/A/AppleVPA
0x00000000067fa000 	/System/Library/PrivateFrameworks/AppleJPEG.framework/Versions/A/AppleJPEG
0x00000000067fa000 	/System/Library/Frameworks/ImageIO.framework/Versions/A/Resources/libJPEG.dylib
0x00000000067fa000 	/System/Library/Frameworks/ImageIO.framework/Versions/A/Resources/libTIFF.dylib
0x00000000067fa000 	/System/Library/Frameworks/ImageIO.framework/Versions/A/Resources/libPng.dylib
0x00000000067fa000 	/System/Library/Frameworks/ImageIO.framework/Versions/A/Resources/libGIF.dylib
0x00000000067fa000 	/System/Library/Frameworks/ImageIO.framework/Versions/A/Resources/libJP2.dylib
0x00000000067fa000 	/System/Library/Frameworks/ImageIO.framework/Versions/A/Resources/libRadiance.dylib
0x00000000067fa000 	/System/Library/Frameworks/CoreVideo.framework/Versions/A/CoreVideo
0x00000000067fa000 	/System/Library/Frameworks/OpenGL.framework/Versions/A/Libraries/libGLU.dylib
0x00000000067fa000 	/System/Library/Frameworks/OpenGL.framework/Versions/A/Libraries/libGFXShared.dylib
0x00000000067fa000 	/System/Library/Frameworks/OpenGL.framework/Versions/A/Libraries/libGL.dylib
0x00000000067fa000 	/System/Library/Frameworks/OpenGL.framework/Versions/A/Libraries/libGLImage.dylib
0x00000000067fa000 	/System/Library/Frameworks/OpenGL.framework/Versions/A/Libraries/libCVMSPluginSupport.dylib
0x00000000067fa000 	/System/Library/Frameworks/OpenGL.framework/Versions/A/Libraries/libCoreVMClient.dylib
0x00000000067fa000 	/usr/lib/libcompression.dylib
0x00000000067fa000 	/usr/lib/libcups.2.dylib
0x00000000067fa000 	/System/Library/Frameworks/Kerberos.framework/Versions/A/Kerberos
0x00000000067fa000 	/System/Library/Frameworks/GSS.framework/Versions/A/GSS
0x00000000067fa000 	/usr/lib/libresolv.9.dylib
0x00000000067fa000 	/usr/lib/libiconv.2.dylib
0x00000000067fa000 	/System/Library/PrivateFrameworks/Heimdal.framework/Versions/A/Heimdal
0x00000000067fa000 	/usr/lib/libheimdal-asn1.dylib
0x00000000067fa000 	/System/Library/Frameworks/OpenDirectory.framework/Versions/A/OpenDirectory
0x00000000067fa000 	/System/Library/PrivateFrameworks/CommonAuth.framework/Versions/A/CommonAuth
0x00000000067fa000 	/System/Library/Frameworks/OpenDirectory.framework/Versions/A/Frameworks/CFOpenDirectory.framework/Versions/A/CFOpenDirectory
0x00000000067fa000 	/System/Library/Frameworks/SecurityFoundation.framework/Versions/A/SecurityFoundation
0x00000000067fa000 	/System/Library/PrivateFrameworks/LanguageModeling.framework/Versions/A/LanguageModeling
0x00000000067fa000 	/usr/lib/libmarisa.dylib
0x00000000067fa000 	/usr/lib/libChineseTokenizer.dylib
0x00000000067fa000 	/usr/lib/libcmph.dylib
0x00000000067fa000 	/System/Library/Frameworks/ServiceManagement.framework/Versions/A/ServiceManagement
0x00000000067fa000 	/usr/lib/libxslt.1.dylib
0x00000000067fa000 	/System/Library/Frameworks/Carbon.framework/Versions/A/Frameworks/Ink.framework/Versions/A/Ink
0x00000000067fa000 	/usr/lib/libFosl_dynamic.dylib
0x00000000067fa000 	/System/Library/PrivateFrameworks/FaceCore.framework/Versions/A/FaceCore
0x00000000067fa000 	/System/Library/Frameworks/OpenCL.framework/Versions/A/OpenCL
0x00000000067fa000 	/System/Library/PrivateFrameworks/CrashReporterSupport.framework/Versions/A/CrashReporterSupport
0x00000000067fa000 	/System/Library/PrivateFrameworks/IconServices.framework/Versions/A/IconServices
0x00000000067fa000 	/System/Library/PrivateFrameworks/Apple80211.framework/Versions/A/Apple80211
0x00000000067fa000 	/System/Library/Frameworks/CoreWLAN.framework/Versions/A/CoreWLAN
0x00000000067fa000 	/System/Library/Frameworks/IOBluetooth.framework/Versions/A/IOBluetooth
0x00000000067fa000 	/System/Library/PrivateFrameworks/CoreWiFi.framework/Versions/A/CoreWiFi
0x00000000067fa000 	/System/Library/Frameworks/CoreBluetooth.framework/Versions/A/CoreBluetooth
0x00000000067fa000 	/System/Library/PrivateFrameworks/ChunkingLibrary.framework/Versions/A/ChunkingLibrary
0x00000000067fa000 	/System/Library/PrivateFrameworks/DebugSymbols.framework/Versions/A/DebugSymbols
0x00000000067fa000 	/System/Library/PrivateFrameworks/CoreSymbolication.framework/Versions/A/CoreSymbolication
0x00000000067fa000 	/System/Library/PrivateFrameworks/Symbolication.framework/Versions/A/Symbolication
0x00000000067fa000 	/System/Library/PrivateFrameworks/SpeechRecognitionCore.framework/Versions/A/SpeechRecognitionCore
0x0000000101a00000 	/Library/Java/JavaVirtualMachines/jdk1.8.0_51.jdk/Contents/Home/jre/lib/server/libjvm.dylib
0x00000000067fa000 	/usr/lib/libstdc++.6.dylib
0x0000000101009000 	/Library/Java/JavaVirtualMachines/jdk1.8.0_51.jdk/Contents/Home/jre/lib/libverify.dylib
0x0000000101017000 	/Library/Java/JavaVirtualMachines/jdk1.8.0_51.jdk/Contents/Home/jre/lib/libjava.dylib
0x000000010104d000 	/Library/Java/JavaVirtualMachines/jdk1.8.0_51.jdk/Contents/Home/jre/lib/libjdwp.dylib
0x0000000101098000 	/Library/Java/JavaVirtualMachines/jdk1.8.0_51.jdk/Contents/Home/jre/lib/libnpt.dylib
0x00000001010a5000 	/Library/Java/JavaVirtualMachines/jdk1.8.0_51.jdk/Contents/Home/jre/lib/libzip.dylib
0x000000011818b000 	/System/Library/Frameworks/JavaVM.framework/Frameworks/JavaRuntimeSupport.framework/JavaRuntimeSupport
0x00000001181a6000 	/System/Library/Frameworks/JavaVM.framework/Versions/A/Frameworks/JavaNativeFoundation.framework/Versions/A/JavaNativeFoundation
0x00000001011f0000 	/System/Library/Frameworks/JavaVM.framework/Versions/A/JavaVM
0x00000000067fa000 	/System/Library/Frameworks/Carbon.framework/Versions/A/Carbon
0x00000001181bb000 	/System/Library/PrivateFrameworks/JavaLaunching.framework/Versions/A/JavaLaunching
0x00000000067fa000 	/System/Library/Frameworks/Carbon.framework/Versions/A/Frameworks/CommonPanels.framework/Versions/A/CommonPanels
0x00000000067fa000 	/System/Library/Frameworks/Carbon.framework/Versions/A/Frameworks/Help.framework/Versions/A/Help
0x00000000067fa000 	/System/Library/Frameworks/Carbon.framework/Versions/A/Frameworks/ImageCapture.framework/Versions/A/ImageCapture
0x00000000067fa000 	/System/Library/Frameworks/Carbon.framework/Versions/A/Frameworks/OpenScripting.framework/Versions/A/OpenScripting
0x00000000067fa000 	/System/Library/Frameworks/Carbon.framework/Versions/A/Frameworks/Print.framework/Versions/A/Print
0x00000000067fa000 	/System/Library/Frameworks/Carbon.framework/Versions/A/Frameworks/SecurityHI.framework/Versions/A/SecurityHI
0x00000001181c7000 	/Library/Java/JavaVirtualMachines/jdk1.8.0_51.jdk/Contents/Home/jre/lib/libdt_socket.dylib
0x0000000119ae7000 	/Library/Java/JavaVirtualMachines/jdk1.8.0_51.jdk/Contents/Home/jre/lib/libnio.dylib
0x0000000119af7000 	/Library/Java/JavaVirtualMachines/jdk1.8.0_51.jdk/Contents/Home/jre/lib/./libnet.dylib

VM Arguments:
jvm_args: -agentlib:jdwp=transport=dt_socket,suspend=y,address=localhost:63001 -Dfile.encoding=UTF-8 
java_command: CountSameAs
java_class_path (initial): /Users/curtis/git/SeminarPaper/InstanceOverlap/results
Launcher Type: SUN_STANDARD

Environment Variables:
PATH=/usr/bin:/bin:/usr/sbin:/sbin
SHELL=/bin/bash
DISPLAY=/private/tmp/com.apple.launchd.rXI68uxpks/org.macosforge.xquartz:0

Signal Handlers:
SIGSEGV: [libjvm.dylib+0x58ef35], sa_mask[0]=11111111011111110111111111111111, sa_flags=SA_ONSTACK|SA_RESTART|SA_SIGINFO
SIGBUS: [libjvm.dylib+0x58ef35], sa_mask[0]=11111111011111110111111111111111, sa_flags=SA_RESTART|SA_SIGINFO
SIGFPE: [libjvm.dylib+0x46c028], sa_mask[0]=11111111011111110111111111111111, sa_flags=SA_RESTART|SA_SIGINFO
SIGPIPE: [libjvm.dylib+0x46c028], sa_mask[0]=11111111011111110111111111111111, sa_flags=SA_RESTART|SA_SIGINFO
SIGXFSZ: [libjvm.dylib+0x46c028], sa_mask[0]=11111111011111110111111111111111, sa_flags=SA_RESTART|SA_SIGINFO
SIGILL: [libjvm.dylib+0x46c028], sa_mask[0]=11111111011111110111111111111111, sa_flags=SA_RESTART|SA_SIGINFO
SIGUSR1: SIG_DFL, sa_mask[0]=00000000000000000000000000000000, sa_flags=none
SIGUSR2: [libjvm.dylib+0x46bb46], sa_mask[0]=00100000000000000000000000000000, sa_flags=SA_RESTART|SA_SIGINFO
SIGHUP: [libjvm.dylib+0x46a119], sa_mask[0]=11111111011111110111111111111111, sa_flags=SA_RESTART|SA_SIGINFO
SIGINT: [libjvm.dylib+0x46a119], sa_mask[0]=11111111011111110111111111111111, sa_flags=SA_RESTART|SA_SIGINFO
SIGTERM: [libjvm.dylib+0x46a119], sa_mask[0]=11111111011111110111111111111111, sa_flags=SA_RESTART|SA_SIGINFO
SIGQUIT: [libjvm.dylib+0x46a119], sa_mask[0]=11111111011111110111111111111111, sa_flags=SA_RESTART|SA_SIGINFO


---------------  S Y S T E M  ---------------

OS:Bsduname:Darwin 15.6.0 Darwin Kernel Version 15.6.0: Thu Sep  1 15:01:16 PDT 2016; root:xnu-3248.60.11~2/RELEASE_X86_64 x86_64
rlimit: STACK 8192k, CORE 0k, NPROC 709, NOFILE 10240, AS infinity
load average:1.72 1.79 1.71

CPU:total 4 (2 cores per cpu, 2 threads per core) family 6 model 69 stepping 1, cmov, cx8, fxsr, mmx, sse, sse2, sse3, ssse3, sse4.1, sse4.2, popcnt, avx, avx2, aes, clmul, erms, lzcnt, ht, tsc, tscinvbit, bmi1, bmi2

Memory: 4k page, physical 8388608k(46016k free)

/proc/meminfo:


vm_info: Java HotSpot(TM) 64-Bit Server VM (25.51-b03) for bsd-amd64 JRE (1.8.0_51-b16), built on Jun  8 2015 18:01:11 by "java_re" with gcc 4.2.1 (Based on Apple Inc. build 5658) (LLVM build 2336.11.00)

time: Wed Nov 30 17:15:36 2016
elapsed time: 337 seconds (0d 0h 5m 37s)

