#
# A fatal error has been detected by the Java Runtime Environment:
#
#  SIGSEGV (0xb) at pc=0x0000000110032c30, pid=79247, tid=16899
#
# JRE version: Java(TM) SE Runtime Environment (8.0_51-b16) (build 1.8.0_51-b16)
# Java VM: Java HotSpot(TM) 64-Bit Server VM (25.51-b03 mixed mode bsd-amd64 compressed oops)
# Problematic frame:
# V  [libjvm.dylib+0x432c30]
#
# Failed to write core dump. Core dumps have been disabled. To enable core dumping, try "ulimit -c unlimited" before starting Java again
#
# If you would like to submit a bug report, please visit:
#   http://bugreport.java.com/bugreport/crash.jsp
#

---------------  T H R E A D  ---------------

Current thread (0x00007fe14200c800):  JavaThread "JDWP Transport Listener: dt_socket" daemon [_thread_in_vm, id=16899, stack(0x0000700000ab8000,0x0000700000bb8000)]

siginfo: si_signo: 11 (SIGSEGV), si_code: 1 (SEGV_MAPERR), si_addr: 0x0000000000000008

Registers:
RAX=0x0000000000000001, RBX=0x0000700000bb7a8b, RCX=0x00000001103fa190, RDX=0x0000700000bb7a8b
RSP=0x0000700000bb79d0, RBP=0x0000700000bb79e0, RSI=0x00007fe14200c800, RDI=0x0000000000000008
R8 =0x0000000000000000, R9 =0x00007fe140c12380, R10=0x00000000300e07a2, R11=0x00007fe140c00000
R12=0x00007fe14200c800, R13=0x0000000000000008, R14=0x0000000000000008, R15=0x00007fe140c02b50
RIP=0x0000000110032c30, EFLAGS=0x0000000000010202, ERR=0x0000000000000004
  TRAPNO=0x000000000000000e

Top of Stack: (sp=0x0000700000bb79d0)
0x0000700000bb79d0:   0000700000bb7a8b 0000700000bb7a8b
0x0000700000bb79e0:   0000700000bb7a40 000000010ff42f8e
0x0000700000bb79f0:   00007fe14200c800 0000000000000000
0x0000700000bb7a00:   0000000000000000 0000000000000000
0x0000700000bb7a10:   00007fe14200c800 00007fe14200c800
0x0000700000bb7a20:   0000700000bb7a8b 0000700000bb7a90
0x0000700000bb7a30:   0000000000000008 000000000000000c
0x0000700000bb7a40:   0000700000bb7a60 0000000110bbe780
0x0000700000bb7a50:   0000000000000001 0000700000bb7b08
0x0000700000bb7a60:   0000700000bb7ad0 0000000110ba31f3
0x0000700000bb7a70:   0000700000bb7aa0 00007fe140c27ee0
0x0000700000bb7a80:   0000000d00000032 0000000a00bb7b08
0x0000700000bb7a90:   0000000000000000 0000000000000000
0x0000700000bb7aa0:   0000000000000000 0000700000bb7c90
0x0000700000bb7ab0:   0000000110bc5e7a 00007fe140f15ac0
0x0000700000bb7ac0:   0000700000bb7b08 0000000110bd1598
0x0000700000bb7ad0:   0000700000bb7ae0 0000000110ba32ec
0x0000700000bb7ae0:   0000700000bb7d00 0000000110bac898
0x0000700000bb7af0:   00004fe600000013 00000000000f0200
0x0000700000bb7b00:   00007fe140f163d0 00007fe1421b1f1e
0x0000700000bb7b10:   00007fe100000392 00007fe140cdee70
0x0000700000bb7b20:   000000000000012c 0000700000bb7b58
0x0000700000bb7b30:   00007fe140c12390 0000000000000000
0x0000700000bb7b40:   00004fe60000001c 00007fff0000dc80
0x0000700000bb7b50:   0000700000bb7b58 e17f00000d000000
0x0000700000bb7b60:   11000000c858f440 7373616c43746567
0x0000700000bb7b70:   657267656474754f 6a4c282700000065
0x0000700000bb7b80:   676e616c2f617661 3b676e697274532f
0x0000700000bb7b90:   616c2f6176616a4c 6e697274532f676e
0x0000700000bb7ba0:   0000000056293b67 e17f00000a000000
0x0000700000bb7bb0:   040000006858f440 160000006e69616d
0x0000700000bb7bc0:   2f6176616a4c5b28 7274532f676e616c 

Instructions: (pc=0x0000000110032c30)
0x0000000110032c10:   40 48 48 85 c0 75 e0 30 c0 0f b6 c0 5d c3 31 c0
0x0000000110032c20:   5d c3 55 48 89 e5 53 48 83 ec 08 48 85 ff 74 24
0x0000000110032c30:   48 8b 1f 48 85 db 74 1c 48 83 fb 37 74 16 48 8b
0x0000000110032c40:   03 48 89 df ff 50 10 84 c0 b8 00 00 00 00 48 0f 

Register to memory mapping:

RAX=0x0000000000000001 is an unknown value
RBX=0x0000700000bb7a8b is pointing into the stack for thread: 0x00007fe14200c800
RCX=0x00000001103fa190: UseMembar+0 in /Library/Java/JavaVirtualMachines/jdk1.8.0_51.jdk/Contents/Home/jre/lib/server/libjvm.dylib at 0x000000010fc00000
RDX=0x0000700000bb7a8b is pointing into the stack for thread: 0x00007fe14200c800
RSP=0x0000700000bb79d0 is pointing into the stack for thread: 0x00007fe14200c800
RBP=0x0000700000bb79e0 is pointing into the stack for thread: 0x00007fe14200c800
RSI=0x00007fe14200c800 is a thread
RDI=0x0000000000000008 is an unknown value
R8 =0x0000000000000000 is an unknown value
R9 =0x00007fe140c12380 is an unknown value
R10=0x00000000300e07a2 is an unknown value
R11=0x00007fe140c00000 is an unknown value
R12=0x00007fe14200c800 is a thread
R13=0x0000000000000008 is an unknown value
R14=0x0000000000000008 is an unknown value
R15=0x00007fe140c02b50 is an unknown value


Stack: [0x0000700000ab8000,0x0000700000bb8000],  sp=0x0000700000bb79d0,  free space=1022k
Native frames: (J=compiled Java code, j=interpreted, Vv=VM code, C=native code)
V  [libjvm.dylib+0x432c30]
V  [libjvm.dylib+0x342f8e]
C  [libjdwp.dylib+0x20780]  isMethodSynthetic+0x63
C  [libjdwp.dylib+0x51f3]  methods1+0x10b
C  [libjdwp.dylib+0x52ec]  methodsWithGeneric+0xe
C  [libjdwp.dylib+0xe898]  debugLoop_run+0x1ce
C  [libjdwp.dylib+0x1f6ba]  attachThread+0x4d
V  [libjvm.dylib+0x383f3c]
V  [libjvm.dylib+0x549a6f]
V  [libjvm.dylib+0x54b160]
V  [libjvm.dylib+0x46e99e]
C  [libsystem_pthread.dylib+0x399d]  _pthread_body+0x83
C  [libsystem_pthread.dylib+0x391a]  _pthread_body+0x0
C  [libsystem_pthread.dylib+0x1351]  thread_start+0xd
C  0x0000000000000000


---------------  P R O C E S S  ---------------

Java Threads: ( => current thread )
  0x00007fe142869000 JavaThread "Service Thread" daemon [_thread_blocked, id=19971, stack(0x00007000010ca000,0x00007000011ca000)]
  0x00007fe141822000 JavaThread "C1 CompilerThread2" daemon [_thread_blocked, id=19459, stack(0x0000700000fc7000,0x00007000010c7000)]
  0x00007fe141039800 JavaThread "C2 CompilerThread1" daemon [_thread_blocked, id=18947, stack(0x0000700000ec4000,0x0000700000fc4000)]
  0x00007fe141033800 JavaThread "C2 CompilerThread0" daemon [_thread_blocked, id=18435, stack(0x0000700000dc1000,0x0000700000ec1000)]
  0x00007fe141033000 JavaThread "JDWP Command Reader" daemon [_thread_in_native, id=17923, stack(0x0000700000cbe000,0x0000700000dbe000)]
  0x00007fe142002000 JavaThread "JDWP Event Helper Thread" daemon [_thread_blocked, id=17411, stack(0x0000700000bbb000,0x0000700000cbb000)]
=>0x00007fe14200c800 JavaThread "JDWP Transport Listener: dt_socket" daemon [_thread_in_vm, id=16899, stack(0x0000700000ab8000,0x0000700000bb8000)]
  0x00007fe14181f800 JavaThread "Signal Dispatcher" daemon [_thread_blocked, id=13839, stack(0x00007000009b5000,0x0000700000ab5000)]
  0x00007fe141806000 JavaThread "Finalizer" daemon [_thread_blocked, id=12291, stack(0x000070000082f000,0x000070000092f000)]
  0x00007fe141805000 JavaThread "Reference Handler" daemon [_thread_blocked, id=11779, stack(0x000070000072c000,0x000070000082c000)]
  0x00007fe141004000 JavaThread "main" [_thread_blocked, id=5891, stack(0x000070000011a000,0x000070000021a000)]

Other Threads:
  0x00007fe142856800 VMThread [stack: 0x0000700000629000,0x0000700000729000] [id=11267]
  0x00007fe142869800 WatcherThread [stack: 0x00007000011cd000,0x00007000012cd000] [id=20483]

VM state:not at safepoint (normal execution)

VM Mutex/Monitor currently owned by a thread: None

Heap:
 PSYoungGen      total 38400K, used 25740K [0x0000000795580000, 0x0000000798000000, 0x00000007c0000000)
  eden space 33280K, 61% used [0x0000000795580000,0x00000007969a58d8,0x0000000797600000)
  from space 5120K, 99% used [0x0000000797600000,0x0000000797afd998,0x0000000797b00000)
  to   space 5120K, 0% used [0x0000000797b00000,0x0000000797b00000,0x0000000798000000)
 ParOldGen       total 87552K, used 1986K [0x0000000740000000, 0x0000000745580000, 0x0000000795580000)
  object space 87552K, 2% used [0x0000000740000000,0x00000007401f0ba0,0x0000000745580000)
 Metaspace       used 17168K, capacity 17360K, committed 17664K, reserved 1064960K
  class space    used 2169K, capacity 2217K, committed 2304K, reserved 1048576K

Card table byte_map: [0x000000011ffa9000,0x00000001203aa000] byte_map_base: 0x000000011c5a9000

Marking Bits: (ParMarkBitMap*) 0x00000001104c27a0
 Begin Bits: [0x0000000120655000, 0x0000000122655000)
 End Bits:   [0x0000000122655000, 0x0000000124655000)

Polling page: 0x000000010f3cc000

CodeCache: size=245760Kb used=3986Kb max_used=3989Kb free=241773Kb
 bounds [0x0000000110be9000, 0x0000000110fd9000, 0x000000011fbe9000]
 total_blobs=1434 nmethods=1086 adapters=270
 compilation: enabled

Compilation events (10 events):
Event: 1.997 Thread 0x00007fe141822000 nmethod 1081 0x0000000110fcc090 code [0x0000000110fcc260, 0x0000000110fcc8d8]
Event: 1.997 Thread 0x00007fe141822000 1082       3       org.apache.jena.atlas.io.PeekReader::readChar (5 bytes)
Event: 1.997 Thread 0x00007fe141822000 nmethod 1082 0x0000000110fccdd0 code [0x0000000110fccf40, 0x0000000110fcd0c8]
Event: 1.999 Thread 0x00007fe141039800 nmethod 1083 0x0000000110fcfe90 code [0x0000000110fcffe0, 0x0000000110fd0108]
Event: 2.002 Thread 0x00007fe141822000 1084       3       org.apache.jena.ext.com.google.common.cache.LocalCache::expiresAfterAccess (15 bytes)
Event: 2.002 Thread 0x00007fe141822000 nmethod 1084 0x0000000110fcfad0 code [0x0000000110fcfc40, 0x0000000110fcfe10]
Event: 2.002 Thread 0x00007fe141822000 1085       3       org.apache.jena.ext.com.google.common.cache.LocalCache::evictsBySize (15 bytes)
Event: 2.003 Thread 0x00007fe141822000 nmethod 1085 0x0000000110fcf710 code [0x0000000110fcf880, 0x0000000110fcfa50]
Event: 2.003 Thread 0x00007fe141822000 1086       3       java.lang.String::regionMatches (149 bytes)
Event: 2.005 Thread 0x00007fe141822000 nmethod 1086 0x0000000110fcdd50 code [0x0000000110fcdfc0, 0x0000000110fcec98]

GC Heap History (2 events):
Event: 1.386 GC heap before
{Heap before GC invocations=1 (full 0):
 PSYoungGen      total 38400K, used 33256K [0x0000000795580000, 0x0000000798000000, 0x00000007c0000000)
  eden space 33280K, 99% used [0x0000000795580000,0x00000007975fa0e8,0x0000000797600000)
  from space 5120K, 0% used [0x0000000797b00000,0x0000000797b00000,0x0000000798000000)
  to   space 5120K, 0% used [0x0000000797600000,0x0000000797600000,0x0000000797b00000)
 ParOldGen       total 87552K, used 0K [0x0000000740000000, 0x0000000745580000, 0x0000000795580000)
  object space 87552K, 0% used [0x0000000740000000,0x0000000740000000,0x0000000745580000)
 Metaspace       used 11982K, capacity 12148K, committed 12416K, reserved 1060864K
  class space    used 1531K, capacity 1596K, committed 1664K, reserved 1048576K
Event: 1.395 GC heap after
Heap after GC invocations=1 (full 0):
 PSYoungGen      total 38400K, used 5110K [0x0000000795580000, 0x0000000798000000, 0x00000007c0000000)
  eden space 33280K, 0% used [0x0000000795580000,0x0000000795580000,0x0000000797600000)
  from space 5120K, 99% used [0x0000000797600000,0x0000000797afd998,0x0000000797b00000)
  to   space 5120K, 0% used [0x0000000797b00000,0x0000000797b00000,0x0000000798000000)
 ParOldGen       total 87552K, used 1986K [0x0000000740000000, 0x0000000745580000, 0x0000000795580000)
  object space 87552K, 2% used [0x0000000740000000,0x00000007401f0ba0,0x0000000745580000)
 Metaspace       used 11982K, capacity 12148K, committed 12416K, reserved 1060864K
  class space    used 1531K, capacity 1596K, committed 1664K, reserved 1048576K
}

Deoptimization events (9 events):
Event: 0.336 Thread 0x00007fe141004000 Uncommon trap: reason=unstable_if action=reinterpret pc=0x0000000110d24a9c method=java.lang.String.indexOf(II)I @ 49
Event: 1.183 Thread 0x00007fe141004000 Uncommon trap: reason=unstable_if action=reinterpret pc=0x0000000110d56ecc method=java.lang.String.indexOf([CII[CIII)I @ 3
Event: 1.545 Thread 0x00007fe141004000 Uncommon trap: reason=unstable_if action=reinterpret pc=0x0000000110ef7bc4 method=java.lang.String.startsWith(Ljava/lang/String;I)Z @ 25
Event: 1.599 Thread 0x00007fe141004000 Uncommon trap: reason=unstable_if action=reinterpret pc=0x0000000110e4343c method=java.util.regex.Pattern.has(I)Z @ 6
Event: 1.613 Thread 0x00007fe141004000 Uncommon trap: reason=unstable_if action=reinterpret pc=0x0000000110d46d4c method=java.lang.String.startsWith(Ljava/lang/String;I)Z @ 25
Event: 1.779 Thread 0x00007fe141004000 Uncommon trap: reason=unstable_if action=reinterpret pc=0x0000000110f3fdd0 method=java.lang.CharacterDataLatin1.digit(II)I @ 82
Event: 1.779 Thread 0x00007fe141004000 Uncommon trap: reason=unstable_if action=reinterpret pc=0x0000000110f42574 method=java.lang.CharacterDataLatin1.digit(II)I @ 82
Event: 1.875 Thread 0x00007fe141004000 Uncommon trap: reason=unstable_if action=reinterpret pc=0x0000000110f1a994 method=java.lang.String.regionMatches(ZILjava/lang/String;II)Z @ 123
Event: 1.993 Thread 0x00007fe141004000 Uncommon trap: reason=unstable_if action=reinterpret pc=0x0000000110fabfec method=java.lang.String.regionMatches(ZILjava/lang/String;II)Z @ 123

Internal exceptions (10 events):
Event: 0.377 Thread 0x00007fe141004000 Exception <a 'java/lang/ClassNotFoundException': org/apache/log4j/LayoutCustomizer> (0x0000000795b072a8) thrown at [/Users/java_re/workspace/8-2-build-macosx-x86_64/jdk8u51/3951/hotspot/src/share/vm/classfile/systemDictionary.cpp, line 210]
Event: 0.379 Thread 0x00007fe141004000 Exception <a 'java/lang/ClassNotFoundException': org/apache/log4j/PatternLayoutCustomizer> (0x0000000795b1e8f8) thrown at [/Users/java_re/workspace/8-2-build-macosx-x86_64/jdk8u51/3951/hotspot/src/share/vm/classfile/systemDictionary.cpp, line 210]
Event: 0.406 Thread 0x00007fe141004000 Exception <a 'java/lang/ClassNotFoundException': org/apache/log4j/ConsoleAppenderBeanInfo> (0x0000000795b82098) thrown at [/Users/java_re/workspace/8-2-build-macosx-x86_64/jdk8u51/3951/hotspot/src/share/vm/classfile/systemDictionary.cpp, line 210]
Event: 0.407 Thread 0x00007fe141004000 Exception <a 'java/lang/ClassNotFoundException': org/apache/log4j/WriterAppenderBeanInfo> (0x0000000795b89668) thrown at [/Users/java_re/workspace/8-2-build-macosx-x86_64/jdk8u51/3951/hotspot/src/share/vm/classfile/systemDictionary.cpp, line 210]
Event: 0.408 Thread 0x00007fe141004000 Exception <a 'java/lang/ClassNotFoundException': org/apache/log4j/AppenderSkeletonBeanInfo> (0x0000000795b91010) thrown at [/Users/java_re/workspace/8-2-build-macosx-x86_64/jdk8u51/3951/hotspot/src/share/vm/classfile/systemDictionary.cpp, line 210]
Event: 0.409 Thread 0x00007fe141004000 Exception <a 'java/lang/ClassNotFoundException': org/apache/log4j/AppenderSkeletonCustomizer> (0x0000000795b98e20) thrown at [/Users/java_re/workspace/8-2-build-macosx-x86_64/jdk8u51/3951/hotspot/src/share/vm/classfile/systemDictionary.cpp, line 210]
Event: 0.412 Thread 0x00007fe141004000 Exception <a 'java/lang/ClassNotFoundException': org/apache/log4j/WriterAppenderCustomizer> (0x0000000795bb4708) thrown at [/Users/java_re/workspace/8-2-build-macosx-x86_64/jdk8u51/3951/hotspot/src/share/vm/classfile/systemDictionary.cpp, line 210]
Event: 0.415 Thread 0x00007fe141004000 Exception <a 'java/lang/ClassNotFoundException': org/apache/log4j/ConsoleAppenderCustomizer> (0x0000000795bc8410) thrown at [/Users/java_re/workspace/8-2-build-macosx-x86_64/jdk8u51/3951/hotspot/src/share/vm/classfile/systemDictionary.cpp, line 210]
Event: 0.980 Thread 0x00007fe141004000 Exception <a 'java/lang/NoSuchFieldError': method resolution failed> (0x00000007969a6388) thrown at [/Users/java_re/workspace/8-2-build-macosx-x86_64/jdk8u51/3951/hotspot/src/share/vm/prims/methodHandles.cpp, line 1125]
Event: 0.986 Thread 0x00007fe141004000 Exception <a 'java/lang/NoSuchFieldError': method resolution failed> (0x00000007969b4ce8) thrown at [/Users/java_re/workspace/8-2-build-macosx-x86_64/jdk8u51/3951/hotspot/src/share/vm/prims/methodHandles.cpp, line 1125]

Events (10 events):
Event: 2762.248 Executing VM operation: GetCurrentLocation
Event: 2762.248 Executing VM operation: GetCurrentLocation done
Event: 2762.248 Executing VM operation: EnterInterpOnlyMode
Event: 2762.248 Executing VM operation: EnterInterpOnlyMode done
Event: 2762.248 Executing VM operation: ChangeSingleStep
Event: 2762.248 Executing VM operation: ChangeSingleStep done
Event: 2762.248 Executing VM operation: ChangeSingleStep
Event: 2762.248 Executing VM operation: ChangeSingleStep done
Event: 2762.255 Executing VM operation: RedefineClasses
Event: 2762.263 Executing VM operation: RedefineClasses done


Dynamic libraries:
0x0000000004c5a000 	/System/Library/Frameworks/Cocoa.framework/Versions/A/Cocoa
0x0000000004c5a000 	/System/Library/Frameworks/Security.framework/Versions/A/Security
0x0000000004c5a000 	/System/Library/Frameworks/ApplicationServices.framework/Versions/A/ApplicationServices
0x0000000004c5a000 	/usr/lib/libz.1.dylib
0x0000000004c5a000 	/usr/lib/libSystem.B.dylib
0x0000000004c5a000 	/usr/lib/libobjc.A.dylib
0x0000000004c5a000 	/System/Library/Frameworks/CoreFoundation.framework/Versions/A/CoreFoundation
0x0000000004c5a000 	/System/Library/Frameworks/Foundation.framework/Versions/C/Foundation
0x0000000004c5a000 	/System/Library/Frameworks/AppKit.framework/Versions/C/AppKit
0x0000000004c5a000 	/System/Library/Frameworks/CoreData.framework/Versions/A/CoreData
0x0000000004c5a000 	/System/Library/PrivateFrameworks/RemoteViewServices.framework/Versions/A/RemoteViewServices
0x0000000004c5a000 	/System/Library/PrivateFrameworks/UIFoundation.framework/Versions/A/UIFoundation
0x0000000004c5a000 	/usr/lib/libScreenReader.dylib
0x0000000004c5a000 	/System/Library/Frameworks/Accelerate.framework/Versions/A/Accelerate
0x0000000004c5a000 	/System/Library/Frameworks/IOSurface.framework/Versions/A/IOSurface
0x0000000004c5a000 	/System/Library/Frameworks/AudioToolbox.framework/Versions/A/AudioToolbox
0x0000000004c5a000 	/System/Library/Frameworks/AudioUnit.framework/Versions/A/AudioUnit
0x0000000004c5a000 	/System/Library/PrivateFrameworks/DataDetectorsCore.framework/Versions/A/DataDetectorsCore
0x0000000004c5a000 	/System/Library/PrivateFrameworks/DesktopServicesPriv.framework/Versions/A/DesktopServicesPriv
0x0000000004c5a000 	/System/Library/Frameworks/Carbon.framework/Versions/A/Frameworks/HIToolbox.framework/Versions/A/HIToolbox
0x0000000004c5a000 	/System/Library/Frameworks/QuartzCore.framework/Versions/A/QuartzCore
0x0000000004c5a000 	/System/Library/Frameworks/Carbon.framework/Versions/A/Frameworks/SpeechRecognition.framework/Versions/A/SpeechRecognition
0x0000000004c5a000 	/usr/lib/libauto.dylib
0x0000000004c5a000 	/usr/lib/libicucore.A.dylib
0x0000000004c5a000 	/usr/lib/libxml2.2.dylib
0x0000000004c5a000 	/System/Library/PrivateFrameworks/CoreUI.framework/Versions/A/CoreUI
0x0000000004c5a000 	/System/Library/Frameworks/CoreAudio.framework/Versions/A/CoreAudio
0x0000000004c5a000 	/System/Library/Frameworks/DiskArbitration.framework/Versions/A/DiskArbitration
0x0000000004c5a000 	/usr/lib/liblangid.dylib
0x0000000004c5a000 	/System/Library/PrivateFrameworks/MultitouchSupport.framework/Versions/A/MultitouchSupport
0x0000000004c5a000 	/System/Library/Frameworks/IOKit.framework/Versions/A/IOKit
0x0000000004c5a000 	/usr/lib/libDiagnosticMessagesClient.dylib
0x0000000004c5a000 	/System/Library/Frameworks/CoreServices.framework/Versions/A/CoreServices
0x0000000004c5a000 	/System/Library/PrivateFrameworks/PerformanceAnalysis.framework/Versions/A/PerformanceAnalysis
0x0000000004c5a000 	/System/Library/PrivateFrameworks/GenerationalStorage.framework/Versions/A/GenerationalStorage
0x0000000004c5a000 	/System/Library/Frameworks/OpenGL.framework/Versions/A/OpenGL
0x0000000004c5a000 	/System/Library/PrivateFrameworks/Sharing.framework/Versions/A/Sharing
0x0000000004c5a000 	/System/Library/Frameworks/CoreGraphics.framework/Versions/A/CoreGraphics
0x0000000004c5a000 	/System/Library/Frameworks/CoreImage.framework/Versions/A/CoreImage
0x0000000004c5a000 	/System/Library/Frameworks/CoreText.framework/Versions/A/CoreText
0x0000000004c5a000 	/System/Library/Frameworks/ImageIO.framework/Versions/A/ImageIO
0x0000000004c5a000 	/System/Library/PrivateFrameworks/Backup.framework/Versions/A/Backup
0x0000000004c5a000 	/usr/lib/libextension.dylib
0x0000000004c5a000 	/usr/lib/libarchive.2.dylib
0x0000000004c5a000 	/System/Library/Frameworks/CFNetwork.framework/Versions/A/CFNetwork
0x0000000004c5a000 	/System/Library/Frameworks/SystemConfiguration.framework/Versions/A/SystemConfiguration
0x0000000004c5a000 	/usr/lib/libCRFSuite.dylib
0x0000000004c5a000 	/usr/lib/libc++.1.dylib
0x0000000004c5a000 	/usr/lib/libc++abi.dylib
0x0000000004c5a000 	/usr/lib/system/libcache.dylib
0x0000000004c5a000 	/usr/lib/system/libcommonCrypto.dylib
0x0000000004c5a000 	/usr/lib/system/libcompiler_rt.dylib
0x0000000004c5a000 	/usr/lib/system/libcopyfile.dylib
0x0000000004c5a000 	/usr/lib/system/libcorecrypto.dylib
0x0000000004c5a000 	/usr/lib/system/libdispatch.dylib
0x0000000004c5a000 	/usr/lib/system/libdyld.dylib
0x0000000004c5a000 	/usr/lib/system/libkeymgr.dylib
0x0000000004c5a000 	/usr/lib/system/liblaunch.dylib
0x0000000004c5a000 	/usr/lib/system/libmacho.dylib
0x0000000004c5a000 	/usr/lib/system/libquarantine.dylib
0x0000000004c5a000 	/usr/lib/system/libremovefile.dylib
0x0000000004c5a000 	/usr/lib/system/libsystem_asl.dylib
0x0000000004c5a000 	/usr/lib/system/libsystem_blocks.dylib
0x0000000004c5a000 	/usr/lib/system/libsystem_c.dylib
0x0000000004c5a000 	/usr/lib/system/libsystem_configuration.dylib
0x0000000004c5a000 	/usr/lib/system/libsystem_coreservices.dylib
0x0000000004c5a000 	/usr/lib/system/libsystem_coretls.dylib
0x0000000004c5a000 	/usr/lib/system/libsystem_dnssd.dylib
0x0000000004c5a000 	/usr/lib/system/libsystem_info.dylib
0x0000000004c5a000 	/usr/lib/system/libsystem_kernel.dylib
0x0000000004c5a000 	/usr/lib/system/libsystem_m.dylib
0x0000000004c5a000 	/usr/lib/system/libsystem_malloc.dylib
0x0000000004c5a000 	/usr/lib/system/libsystem_network.dylib
0x0000000004c5a000 	/usr/lib/system/libsystem_networkextension.dylib
0x0000000004c5a000 	/usr/lib/system/libsystem_notify.dylib
0x0000000004c5a000 	/usr/lib/system/libsystem_platform.dylib
0x0000000004c5a000 	/usr/lib/system/libsystem_pthread.dylib
0x0000000004c5a000 	/usr/lib/system/libsystem_sandbox.dylib
0x0000000004c5a000 	/usr/lib/system/libsystem_secinit.dylib
0x0000000004c5a000 	/usr/lib/system/libsystem_trace.dylib
0x0000000004c5a000 	/usr/lib/system/libunc.dylib
0x0000000004c5a000 	/usr/lib/system/libunwind.dylib
0x0000000004c5a000 	/usr/lib/system/libxpc.dylib
0x0000000004c5a000 	/usr/lib/libenergytrace.dylib
0x0000000004c5a000 	/usr/lib/libbsm.0.dylib
0x0000000004c5a000 	/usr/lib/system/libkxld.dylib
0x0000000004c5a000 	/usr/lib/libxar.1.dylib
0x0000000004c5a000 	/usr/lib/libsqlite3.dylib
0x0000000004c5a000 	/usr/lib/libpam.2.dylib
0x0000000004c5a000 	/usr/lib/libOpenScriptingUtil.dylib
0x0000000004c5a000 	/usr/lib/libbz2.1.0.dylib
0x0000000004c5a000 	/usr/lib/liblzma.5.dylib
0x0000000004c5a000 	/System/Library/Frameworks/CoreServices.framework/Versions/A/Frameworks/FSEvents.framework/Versions/A/FSEvents
0x0000000004c5a000 	/System/Library/Frameworks/CoreServices.framework/Versions/A/Frameworks/CarbonCore.framework/Versions/A/CarbonCore
0x0000000004c5a000 	/System/Library/Frameworks/CoreServices.framework/Versions/A/Frameworks/Metadata.framework/Versions/A/Metadata
0x0000000004c5a000 	/System/Library/Frameworks/CoreServices.framework/Versions/A/Frameworks/OSServices.framework/Versions/A/OSServices
0x0000000004c5a000 	/System/Library/Frameworks/CoreServices.framework/Versions/A/Frameworks/SearchKit.framework/Versions/A/SearchKit
0x0000000004c5a000 	/System/Library/Frameworks/CoreServices.framework/Versions/A/Frameworks/AE.framework/Versions/A/AE
0x0000000004c5a000 	/System/Library/Frameworks/CoreServices.framework/Versions/A/Frameworks/LaunchServices.framework/Versions/A/LaunchServices
0x0000000004c5a000 	/System/Library/Frameworks/CoreServices.framework/Versions/A/Frameworks/DictionaryServices.framework/Versions/A/DictionaryServices
0x0000000004c5a000 	/System/Library/Frameworks/CoreServices.framework/Versions/A/Frameworks/SharedFileList.framework/Versions/A/SharedFileList
0x0000000004c5a000 	/System/Library/Frameworks/NetFS.framework/Versions/A/NetFS
0x0000000004c5a000 	/System/Library/PrivateFrameworks/NetAuth.framework/Versions/A/NetAuth
0x0000000004c5a000 	/System/Library/PrivateFrameworks/login.framework/Versions/A/Frameworks/loginsupport.framework/Versions/A/loginsupport
0x0000000004c5a000 	/System/Library/PrivateFrameworks/TCC.framework/Versions/A/TCC
0x0000000004c5a000 	/usr/lib/libmecabra.dylib
0x0000000004c5a000 	/System/Library/Frameworks/ApplicationServices.framework/Versions/A/Frameworks/ATS.framework/Versions/A/ATS
0x0000000004c5a000 	/System/Library/Frameworks/ApplicationServices.framework/Versions/A/Frameworks/ColorSync.framework/Versions/A/ColorSync
0x0000000004c5a000 	/System/Library/Frameworks/ApplicationServices.framework/Versions/A/Frameworks/HIServices.framework/Versions/A/HIServices
0x0000000004c5a000 	/System/Library/Frameworks/ApplicationServices.framework/Versions/A/Frameworks/LangAnalysis.framework/Versions/A/LangAnalysis
0x0000000004c5a000 	/System/Library/Frameworks/ApplicationServices.framework/Versions/A/Frameworks/PrintCore.framework/Versions/A/PrintCore
0x0000000004c5a000 	/System/Library/Frameworks/ApplicationServices.framework/Versions/A/Frameworks/QD.framework/Versions/A/QD
0x0000000004c5a000 	/System/Library/Frameworks/ApplicationServices.framework/Versions/A/Frameworks/SpeechSynthesis.framework/Versions/A/SpeechSynthesis
0x0000000004c5a000 	/System/Library/Frameworks/Metal.framework/Versions/A/Metal
0x0000000004c5a000 	/System/Library/Frameworks/Accelerate.framework/Versions/A/Frameworks/vImage.framework/Versions/A/vImage
0x0000000004c5a000 	/System/Library/Frameworks/Accelerate.framework/Versions/A/Frameworks/vecLib.framework/Versions/A/vecLib
0x0000000004c5a000 	/System/Library/Frameworks/Accelerate.framework/Versions/A/Frameworks/vecLib.framework/Versions/A/libvDSP.dylib
0x0000000004c5a000 	/System/Library/Frameworks/Accelerate.framework/Versions/A/Frameworks/vecLib.framework/Versions/A/libvMisc.dylib
0x0000000004c5a000 	/System/Library/Frameworks/Accelerate.framework/Versions/A/Frameworks/vecLib.framework/Versions/A/libLAPACK.dylib
0x0000000004c5a000 	/System/Library/Frameworks/Accelerate.framework/Versions/A/Frameworks/vecLib.framework/Versions/A/libBLAS.dylib
0x0000000004c5a000 	/System/Library/Frameworks/Accelerate.framework/Versions/A/Frameworks/vecLib.framework/Versions/A/libLinearAlgebra.dylib
0x0000000004c5a000 	/System/Library/Frameworks/Accelerate.framework/Versions/A/Frameworks/vecLib.framework/Versions/A/libSparseBLAS.dylib
0x0000000004c5a000 	/System/Library/PrivateFrameworks/GPUCompiler.framework/libmetal_timestamp.dylib
0x0000000004c5a000 	/System/Library/Frameworks/OpenGL.framework/Versions/A/Libraries/libCoreFSCache.dylib
0x0000000004c5a000 	/System/Library/PrivateFrameworks/IOAccelerator.framework/Versions/A/IOAccelerator
0x0000000004c5a000 	/System/Library/Frameworks/ApplicationServices.framework/Versions/A/Frameworks/ATS.framework/Versions/A/Resources/libFontParser.dylib
0x0000000004c5a000 	/System/Library/Frameworks/ApplicationServices.framework/Versions/A/Frameworks/ATS.framework/Versions/A/Resources/libFontRegistry.dylib
0x0000000004c5a000 	/System/Library/PrivateFrameworks/AppleVPA.framework/Versions/A/AppleVPA
0x0000000004c5a000 	/System/Library/PrivateFrameworks/AppleJPEG.framework/Versions/A/AppleJPEG
0x0000000004c5a000 	/System/Library/Frameworks/ImageIO.framework/Versions/A/Resources/libJPEG.dylib
0x0000000004c5a000 	/System/Library/Frameworks/ImageIO.framework/Versions/A/Resources/libTIFF.dylib
0x0000000004c5a000 	/System/Library/Frameworks/ImageIO.framework/Versions/A/Resources/libPng.dylib
0x0000000004c5a000 	/System/Library/Frameworks/ImageIO.framework/Versions/A/Resources/libGIF.dylib
0x0000000004c5a000 	/System/Library/Frameworks/ImageIO.framework/Versions/A/Resources/libJP2.dylib
0x0000000004c5a000 	/System/Library/Frameworks/ImageIO.framework/Versions/A/Resources/libRadiance.dylib
0x0000000004c5a000 	/System/Library/Frameworks/CoreVideo.framework/Versions/A/CoreVideo
0x0000000004c5a000 	/System/Library/Frameworks/OpenGL.framework/Versions/A/Libraries/libGLU.dylib
0x0000000004c5a000 	/System/Library/Frameworks/OpenGL.framework/Versions/A/Libraries/libGFXShared.dylib
0x0000000004c5a000 	/System/Library/Frameworks/OpenGL.framework/Versions/A/Libraries/libGL.dylib
0x0000000004c5a000 	/System/Library/Frameworks/OpenGL.framework/Versions/A/Libraries/libGLImage.dylib
0x0000000004c5a000 	/System/Library/Frameworks/OpenGL.framework/Versions/A/Libraries/libCVMSPluginSupport.dylib
0x0000000004c5a000 	/System/Library/Frameworks/OpenGL.framework/Versions/A/Libraries/libCoreVMClient.dylib
0x0000000004c5a000 	/usr/lib/libcompression.dylib
0x0000000004c5a000 	/usr/lib/libcups.2.dylib
0x0000000004c5a000 	/System/Library/Frameworks/Kerberos.framework/Versions/A/Kerberos
0x0000000004c5a000 	/System/Library/Frameworks/GSS.framework/Versions/A/GSS
0x0000000004c5a000 	/usr/lib/libresolv.9.dylib
0x0000000004c5a000 	/usr/lib/libiconv.2.dylib
0x0000000004c5a000 	/System/Library/PrivateFrameworks/Heimdal.framework/Versions/A/Heimdal
0x0000000004c5a000 	/usr/lib/libheimdal-asn1.dylib
0x0000000004c5a000 	/System/Library/Frameworks/OpenDirectory.framework/Versions/A/OpenDirectory
0x0000000004c5a000 	/System/Library/PrivateFrameworks/CommonAuth.framework/Versions/A/CommonAuth
0x0000000004c5a000 	/System/Library/Frameworks/OpenDirectory.framework/Versions/A/Frameworks/CFOpenDirectory.framework/Versions/A/CFOpenDirectory
0x0000000004c5a000 	/System/Library/Frameworks/SecurityFoundation.framework/Versions/A/SecurityFoundation
0x0000000004c5a000 	/System/Library/PrivateFrameworks/LanguageModeling.framework/Versions/A/LanguageModeling
0x0000000004c5a000 	/usr/lib/libmarisa.dylib
0x0000000004c5a000 	/usr/lib/libChineseTokenizer.dylib
0x0000000004c5a000 	/usr/lib/libcmph.dylib
0x0000000004c5a000 	/System/Library/Frameworks/ServiceManagement.framework/Versions/A/ServiceManagement
0x0000000004c5a000 	/usr/lib/libxslt.1.dylib
0x0000000004c5a000 	/System/Library/Frameworks/Carbon.framework/Versions/A/Frameworks/Ink.framework/Versions/A/Ink
0x0000000004c5a000 	/usr/lib/libFosl_dynamic.dylib
0x0000000004c5a000 	/System/Library/PrivateFrameworks/FaceCore.framework/Versions/A/FaceCore
0x0000000004c5a000 	/System/Library/Frameworks/OpenCL.framework/Versions/A/OpenCL
0x0000000004c5a000 	/System/Library/PrivateFrameworks/CrashReporterSupport.framework/Versions/A/CrashReporterSupport
0x0000000004c5a000 	/System/Library/PrivateFrameworks/IconServices.framework/Versions/A/IconServices
0x0000000004c5a000 	/System/Library/PrivateFrameworks/Apple80211.framework/Versions/A/Apple80211
0x0000000004c5a000 	/System/Library/Frameworks/CoreWLAN.framework/Versions/A/CoreWLAN
0x0000000004c5a000 	/System/Library/Frameworks/IOBluetooth.framework/Versions/A/IOBluetooth
0x0000000004c5a000 	/System/Library/PrivateFrameworks/CoreWiFi.framework/Versions/A/CoreWiFi
0x0000000004c5a000 	/System/Library/Frameworks/CoreBluetooth.framework/Versions/A/CoreBluetooth
0x0000000004c5a000 	/System/Library/PrivateFrameworks/ChunkingLibrary.framework/Versions/A/ChunkingLibrary
0x0000000004c5a000 	/System/Library/PrivateFrameworks/DebugSymbols.framework/Versions/A/DebugSymbols
0x0000000004c5a000 	/System/Library/PrivateFrameworks/CoreSymbolication.framework/Versions/A/CoreSymbolication
0x0000000004c5a000 	/System/Library/PrivateFrameworks/Symbolication.framework/Versions/A/Symbolication
0x0000000004c5a000 	/System/Library/PrivateFrameworks/SpeechRecognitionCore.framework/Versions/A/SpeechRecognitionCore
0x000000010fc00000 	/Library/Java/JavaVirtualMachines/jdk1.8.0_51.jdk/Contents/Home/jre/lib/server/libjvm.dylib
0x0000000004c5a000 	/usr/lib/libstdc++.6.dylib
0x000000010f3be000 	/Library/Java/JavaVirtualMachines/jdk1.8.0_51.jdk/Contents/Home/jre/lib/libverify.dylib
0x0000000110b69000 	/Library/Java/JavaVirtualMachines/jdk1.8.0_51.jdk/Contents/Home/jre/lib/libjava.dylib
0x0000000110b9e000 	/Library/Java/JavaVirtualMachines/jdk1.8.0_51.jdk/Contents/Home/jre/lib/libjdwp.dylib
0x000000010f3cd000 	/Library/Java/JavaVirtualMachines/jdk1.8.0_51.jdk/Contents/Home/jre/lib/libnpt.dylib
0x000000010f3da000 	/Library/Java/JavaVirtualMachines/jdk1.8.0_51.jdk/Contents/Home/jre/lib/libzip.dylib
0x000000010f3e4000 	/System/Library/Frameworks/JavaVM.framework/Frameworks/JavaRuntimeSupport.framework/JavaRuntimeSupport
0x000000012654c000 	/System/Library/Frameworks/JavaVM.framework/Versions/A/Frameworks/JavaNativeFoundation.framework/Versions/A/JavaNativeFoundation
0x0000000126561000 	/System/Library/Frameworks/JavaVM.framework/Versions/A/JavaVM
0x0000000004c5a000 	/System/Library/Frameworks/Carbon.framework/Versions/A/Carbon
0x000000012656e000 	/System/Library/PrivateFrameworks/JavaLaunching.framework/Versions/A/JavaLaunching
0x0000000004c5a000 	/System/Library/Frameworks/Carbon.framework/Versions/A/Frameworks/CommonPanels.framework/Versions/A/CommonPanels
0x0000000004c5a000 	/System/Library/Frameworks/Carbon.framework/Versions/A/Frameworks/Help.framework/Versions/A/Help
0x0000000004c5a000 	/System/Library/Frameworks/Carbon.framework/Versions/A/Frameworks/ImageCapture.framework/Versions/A/ImageCapture
0x0000000004c5a000 	/System/Library/Frameworks/Carbon.framework/Versions/A/Frameworks/OpenScripting.framework/Versions/A/OpenScripting
0x0000000004c5a000 	/System/Library/Frameworks/Carbon.framework/Versions/A/Frameworks/Print.framework/Versions/A/Print
0x0000000004c5a000 	/System/Library/Frameworks/Carbon.framework/Versions/A/Frameworks/SecurityHI.framework/Versions/A/SecurityHI
0x000000012657c000 	/Library/Java/JavaVirtualMachines/jdk1.8.0_51.jdk/Contents/Home/jre/lib/libdt_socket.dylib
0x000000012874b000 	/Library/Java/JavaVirtualMachines/jdk1.8.0_51.jdk/Contents/Home/jre/lib/libnio.dylib
0x000000012875b000 	/Library/Java/JavaVirtualMachines/jdk1.8.0_51.jdk/Contents/Home/jre/lib/./libnet.dylib
0x0000000128979000 	/Library/Java/JavaVirtualMachines/jdk1.8.0_51.jdk/Contents/Home/jre/lib/libsunec.dylib

VM Arguments:
jvm_args: -agentlib:jdwp=transport=dt_socket,suspend=y,address=localhost:59566 -Dfile.encoding=UTF-8 
java_command: queryDBpedia
java_class_path (initial): /Users/curtis/git/SeminarPaper/DBpedia/target/classes:/Applications/apache-jena-3.0.0/lib/commons-cli-1.3.jar:/Applications/apache-jena-3.0.0/lib/commons-codec-1.9.jar:/Applications/apache-jena-3.0.0/lib/commons-csv-1.0.jar:/Applications/apache-jena-3.0.0/lib/commons-lang3-3.3.2.jar:/Applications/apache-jena-3.0.0/lib/httpclient-4.2.6.jar:/Applications/apache-jena-3.0.0/lib/httpclient-cache-4.2.6.jar:/Applications/apache-jena-3.0.0/lib/httpcore-4.2.5.jar:/Applications/apache-jena-3.0.0/lib/jackson-annotations-2.3.0.jar:/Applications/apache-jena-3.0.0/lib/jackson-core-2.3.3.jar:/Applications/apache-jena-3.0.0/lib/jackson-databind-2.3.3.jar:/Applications/apache-jena-3.0.0/lib/jcl-over-slf4j-1.7.12.jar:/Applications/apache-jena-3.0.0/lib/jena-arq-3.0.0.jar:/Applications/apache-jena-3.0.0/lib/jena-base-3.0.0.jar:/Applications/apache-jena-3.0.0/lib/jena-core-3.0.0.jar:/Applications/apache-jena-3.0.0/lib/jena-iri-3.0.0.jar:/Applications/apache-jena-3.0.0/lib/jena-shaded-guava-3.0.0.jar:/Applications/apache-jena-3.0.0/lib/jena-tdb-3.0.0.jar:/Applications/apache-jena-3.0.0/lib/jsonld-java-0.5.1.jar:/Applications/apache-jena-3.0.0/lib/libthrift-0.9.2.jar:/Applications/apache-jena-3.0.0/lib/log4j-1.2.17.jar:/Applications/apache-jena-3.0.0/lib/slf4j-api-1.7.12.jar:/Applications/apache-jena-3.0.0/lib/slf4j-log4j12-1.7.12.jar:/Applications/apache-jena-3.0.0/lib/xercesImpl-2.11.0.jar:/Applications/apache-jena-3.0.0/lib/xml-apis-1.4.01.jar
Launcher Type: SUN_STANDARD

Environment Variables:
PATH=/usr/bin:/bin:/usr/sbin:/sbin
SHELL=/bin/bash
DISPLAY=/private/tmp/com.apple.launchd.I7DkjnPTk1/org.macosforge.xquartz:0

Signal Handlers:
SIGSEGV: [libjvm.dylib+0x58ef35], sa_mask[0]=11111111011111110111111111111111, sa_flags=SA_ONSTACK|SA_RESTART|SA_SIGINFO
SIGBUS: [libjvm.dylib+0x58ef35], sa_mask[0]=11111111011111110111111111111111, sa_flags=SA_RESTART|SA_SIGINFO
SIGFPE: [libjvm.dylib+0x46c028], sa_mask[0]=11111111011111110111111111111111, sa_flags=SA_RESTART|SA_SIGINFO
SIGPIPE: [libjvm.dylib+0x46c028], sa_mask[0]=11111111011111110111111111111111, sa_flags=SA_RESTART|SA_SIGINFO
SIGXFSZ: [libjvm.dylib+0x46c028], sa_mask[0]=11111111011111110111111111111111, sa_flags=SA_RESTART|SA_SIGINFO
SIGILL: [libjvm.dylib+0x46c028], sa_mask[0]=11111111011111110111111111111111, sa_flags=SA_RESTART|SA_SIGINFO
SIGUSR1: SIG_DFL, sa_mask[0]=00000000000000000000000000000000, sa_flags=none
SIGUSR2: [libjvm.dylib+0x46bb46], sa_mask[0]=00100000000000000000000000000000, sa_flags=SA_RESTART|SA_SIGINFO
SIGHUP: [libjvm.dylib+0x46a119], sa_mask[0]=11111111011111110111111111111111, sa_flags=SA_RESTART|SA_SIGINFO
SIGINT: [libjvm.dylib+0x46a119], sa_mask[0]=11111111011111110111111111111111, sa_flags=SA_RESTART|SA_SIGINFO
SIGTERM: [libjvm.dylib+0x46a119], sa_mask[0]=11111111011111110111111111111111, sa_flags=SA_RESTART|SA_SIGINFO
SIGQUIT: [libjvm.dylib+0x46a119], sa_mask[0]=11111111011111110111111111111111, sa_flags=SA_RESTART|SA_SIGINFO


---------------  S Y S T E M  ---------------

OS:Bsduname:Darwin 15.6.0 Darwin Kernel Version 15.6.0: Mon Aug 29 20:21:34 PDT 2016; root:xnu-3248.60.11~1/RELEASE_X86_64 x86_64
rlimit: STACK 8192k, CORE 0k, NPROC 709, NOFILE 10240, AS infinity
load average:2.98 3.03 2.86

CPU:total 4 (2 cores per cpu, 2 threads per core) family 6 model 69 stepping 1, cmov, cx8, fxsr, mmx, sse, sse2, sse3, ssse3, sse4.1, sse4.2, popcnt, avx, avx2, aes, clmul, erms, lzcnt, ht, tsc, tscinvbit, bmi1, bmi2

Memory: 4k page, physical 8388608k(135708k free)

/proc/meminfo:


vm_info: Java HotSpot(TM) 64-Bit Server VM (25.51-b03) for bsd-amd64 JRE (1.8.0_51-b16), built on Jun  8 2015 18:01:11 by "java_re" with gcc 4.2.1 (Based on Apple Inc. build 5658) (LLVM build 2336.11.00)

time: Fri Nov  4 14:09:26 2016
elapsed time: 2762 seconds (0d 0h 46m 2s)

